2023-07-27 23:07:332 INFO  HomePage :32 - mouse Hovering On BuySell Cars tab : [[ChromeDriver: chrome on WINDOWS (0c3b8ad24edb9aa988ecf77b3b7e3e7e)] -> xpath: //a[contains(text(),'buy + sell')]]
2023-07-27 23:07:705 INFO  HomePage :37 - Clicking on Search Car link : [[ChromeDriver: chrome on WINDOWS (0c3b8ad24edb9aa988ecf77b3b7e3e7e)] -> xpath: //a[contains(text(),'Search Cars')]]
2023-07-27 23:07:695 INFO  HomePage :32 - mouse Hovering On BuySell Cars tab : [[ChromeDriver: chrome on WINDOWS (42e123065bc6c48be609e90b90cadc09)] -> xpath: //a[contains(text(),'buy + sell')]]
2023-07-27 23:07:933 INFO  HomePage :37 - Clicking on Search Car link : [[ChromeDriver: chrome on WINDOWS (42e123065bc6c48be609e90b90cadc09)] -> xpath: //a[contains(text(),'Search Cars')]]
2023-07-27 23:07:665 INFO  HomePage :32 - mouse Hovering On BuySell Cars tab : [[ChromeDriver: chrome on WINDOWS (539a7d0d914cc0cdefd11d151e418fca)] -> xpath: //a[contains(text(),'buy + sell')]]
2023-07-27 23:07:108 INFO  HomePage :37 - Clicking on Search Car link : [[ChromeDriver: chrome on WINDOWS (539a7d0d914cc0cdefd11d151e418fca)] -> xpath: //a[contains(text(),'Search Cars')]]
2023-07-27 23:07:470 INFO  HomePage :32 - mouse Hovering On BuySell Cars tab : [[ChromeDriver: chrome on WINDOWS (5d510cf2e3056ac6396ca15b3d65f44f)] -> xpath: //a[contains(text(),'buy + sell')]]
2023-07-27 23:07:183 INFO  HomePage :37 - Clicking on Search Car link : [[ChromeDriver: chrome on WINDOWS (5d510cf2e3056ac6396ca15b3d65f44f)] -> xpath: //a[contains(text(),'Search Cars')]]
2023-07-27 23:07:945 INFO  HomePage :32 - mouse Hovering On BuySell Cars tab : [[ChromeDriver: chrome on WINDOWS (9c9017940afccf8971528e423233700e)] -> xpath: //a[contains(text(),'buy + sell')]]
2023-07-27 23:07:393 INFO  HomePage :37 - Clicking on Search Car link : [[ChromeDriver: chrome on WINDOWS (9c9017940afccf8971528e423233700e)] -> xpath: //a[contains(text(),'Search Cars')]]
2023-07-27 23:07:176 INFO  HomePage :32 - mouse Hovering On BuySell Cars tab : [[ChromeDriver: chrome on WINDOWS (e845b46bc062694d8ccbfdc0de902748)] -> xpath: //a[contains(text(),'buy + sell')]]
2023-07-27 23:07:182 INFO  HomePage :32 - mouse Hovering On BuySell Cars tab : [[ChromeDriver: chrome on WINDOWS (66190334bd8d2d866f23a86536f20409)] -> xpath: //a[contains(text(),'buy + sell')]]
2023-07-27 23:07:288 INFO  HomePage :32 - mouse Hovering On BuySell Cars tab : [[ChromeDriver: chrome on WINDOWS (396d57e9f996f20fdbfd3828cc23aebd)] -> xpath: //a[contains(text(),'buy + sell')]]
2023-07-27 23:07:881 INFO  HomePage :32 - mouse Hovering On BuySell Cars tab : [[ChromeDriver: chrome on WINDOWS (b2df19aff54b0ef8a7f9f5ae3346f978)] -> xpath: //a[contains(text(),'buy + sell')]]
2023-07-27 23:07:511 INFO  HomePage :32 - mouse Hovering On BuySell Cars tab : [[ChromeDriver: chrome on WINDOWS (9907ff721a1891622ba7582bd7d7d0ac)] -> xpath: //a[contains(text(),'buy + sell')]]
2023-07-27 23:07:361 INFO  HomePage :32 - mouse Hovering On BuySell Cars tab : [[ChromeDriver: chrome on WINDOWS (bef0a88392c01b9c477a5b3364bd1538)] -> xpath: //a[contains(text(),'buy + sell')]]
2023-07-27 23:07:841 INFO  HomePage :37 - Clicking on Search Car link : [[ChromeDriver: chrome on WINDOWS (bef0a88392c01b9c477a5b3364bd1538)] -> xpath: //a[contains(text(),'Search Cars')]]
2023-07-27 23:07:597 INFO  NewAndUserCarSearch :48 - verifyNewAndUserCarSearchPage : [[ChromeDriver: chrome on WINDOWS (bef0a88392c01b9c477a5b3364bd1538)] -> xpath: //input[@id='search-submit']]
2023-07-27 23:07:796 INFO  NewAndUserCarSearch :54 - Selecting car Makes:[[ChromeDriver: chrome on WINDOWS (bef0a88392c01b9c477a5b3364bd1538)] -> xpath: //select[@id='makes']]
2023-07-27 23:07:860 INFO  HomePage :32 - mouse Hovering On BuySell Cars tab : [[ChromeDriver: chrome on WINDOWS (4154bd74af6dfa531f6c0b14661b1606)] -> xpath: //a[contains(text(),'buy + sell')]]
2023-07-27 23:07:784 INFO  HomePage :37 - Clicking on Search Car link : [[ChromeDriver: chrome on WINDOWS (4154bd74af6dfa531f6c0b14661b1606)] -> xpath: //a[contains(text(),'Search Cars')]]
2023-07-27 23:07:94 INFO  NewAndUserCarSearch :48 - verifyNewAndUserCarSearchPage : [[ChromeDriver: chrome on WINDOWS (4154bd74af6dfa531f6c0b14661b1606)] -> xpath: //input[@id='search-submit']]
2023-07-27 23:07:280 INFO  NewAndUserCarSearch :54 - Selecting car Makes:[[ChromeDriver: chrome on WINDOWS (4154bd74af6dfa531f6c0b14661b1606)] -> xpath: //select[@id='makes']]
2023-07-27 23:07:146 INFO  HomePage :32 - mouse Hovering On BuySell Cars tab : [[ChromeDriver: chrome on WINDOWS (426bc6c50f232dec9e4ebff6a6b800cf)] -> xpath: //a[contains(text(),'buy + sell')]]
2023-07-27 23:07:367 INFO  HomePage :37 - Clicking on Search Car link : [[ChromeDriver: chrome on WINDOWS (426bc6c50f232dec9e4ebff6a6b800cf)] -> xpath: //a[contains(text(),'Search Cars')]]
2023-07-27 23:07:959 INFO  NewAndUserCarSearch :48 - verifyNewAndUserCarSearchPage : [[ChromeDriver: chrome on WINDOWS (426bc6c50f232dec9e4ebff6a6b800cf)] -> xpath: //input[@id='search-submit']]
2023-07-27 23:07:62 INFO  NewAndUserCarSearch :54 - Selecting car Makes:[[ChromeDriver: chrome on WINDOWS (426bc6c50f232dec9e4ebff6a6b800cf)] -> xpath: //select[@id='makes']]
2023-07-27 23:07:702 INFO  HomePage :32 - mouse Hovering On BuySell Cars tab : [[ChromeDriver: chrome on WINDOWS (27c4ae3a4b4cfd5b19e0eb0654e5612b)] -> xpath: //a[contains(text(),'buy + sell')]]
2023-07-27 23:07:438 INFO  HomePage :37 - Clicking on Search Car link : [[ChromeDriver: chrome on WINDOWS (27c4ae3a4b4cfd5b19e0eb0654e5612b)] -> xpath: //a[contains(text(),'Search Cars')]]
2023-07-27 23:07:288 INFO  NewAndUserCarSearch :48 - verifyNewAndUserCarSearchPage : [[ChromeDriver: chrome on WINDOWS (27c4ae3a4b4cfd5b19e0eb0654e5612b)] -> xpath: //input[@id='search-submit']]
2023-07-27 23:07:475 INFO  NewAndUserCarSearch :54 - Selecting car Makes:[[ChromeDriver: chrome on WINDOWS (27c4ae3a4b4cfd5b19e0eb0654e5612b)] -> xpath: //select[@id='makes']]
2023-07-27 23:07:80 INFO  HomePage :32 - mouse Hovering On BuySell Cars tab : [[ChromeDriver: chrome on WINDOWS (90f03336525fde52102db308364f8835)] -> xpath: //a[contains(text(),'buy + sell')]]
2023-07-27 23:07:237 INFO  HomePage :37 - Clicking on Search Car link : [[ChromeDriver: chrome on WINDOWS (90f03336525fde52102db308364f8835)] -> xpath: //a[contains(text(),'Search Cars')]]
2023-07-27 23:07:91 INFO  NewAndUserCarSearch :48 - verifyNewAndUserCarSearchPage : [[ChromeDriver: chrome on WINDOWS (90f03336525fde52102db308364f8835)] -> xpath: //input[@id='search-submit']]
2023-07-27 23:07:256 INFO  NewAndUserCarSearch :54 - Selecting car Makes:[[ChromeDriver: chrome on WINDOWS (90f03336525fde52102db308364f8835)] -> xpath: //select[@id='makes']]
2023-07-27 23:07:379 INFO  HomePage :32 - mouse Hovering On BuySell Cars tab : [[ChromeDriver: chrome on WINDOWS (35e82026a49302800a138a99163a32df)] -> xpath: //a[contains(text(),'buy + sell')]]
2023-07-27 23:07:262 INFO  HomePage :32 - mouse Hovering On BuySell Cars tab : [[ChromeDriver: chrome on WINDOWS (d6168f7a349cef7be3591225a9bf8630)] -> xpath: //a[contains(text(),'buy + sell')]]
2023-07-27 23:07:386 INFO  HomePage :32 - mouse Hovering On BuySell Cars tab : [[ChromeDriver: chrome on WINDOWS (50ba92e6bbe8ff673d102071b59dcf91)] -> xpath: //a[contains(text(),'buy + sell')]]
2023-07-27 23:07:681 INFO  HomePage :32 - mouse Hovering On BuySell Cars tab : [[ChromeDriver: chrome on WINDOWS (75bef8a46df40b19c62145368843d10d)] -> xpath: //a[contains(text(),'buy + sell')]]
2023-07-27 23:07:781 INFO  HomePage :32 - mouse Hovering On BuySell Cars tab : [[ChromeDriver: chrome on WINDOWS (2723590db30654925c7bc2074365f005)] -> xpath: //a[contains(text(),'buy + sell')]]
2023-07-28 00:07:795 INFO  HomePage :32 - mouse Hovering On BuySell Cars tab : [[ChromeDriver: chrome on WINDOWS (d02002b5818d940384716b1b346d432f)] -> xpath: //a[contains(text(),'buy + sell')]]
2023-07-28 00:07:578 INFO  HomePage :37 - Clicking on Search Car link : [[ChromeDriver: chrome on WINDOWS (d02002b5818d940384716b1b346d432f)] -> xpath: //a[contains(text(),'Search Cars')]]
2023-07-28 00:07:621 INFO  NewAndUserCarSearch :48 - verifyNewAndUserCarSearchPage : [[ChromeDriver: chrome on WINDOWS (d02002b5818d940384716b1b346d432f)] -> xpath: //input[@id='search-submit']]
2023-07-28 00:07:662 INFO  NewAndUserCarSearch :54 - Selecting car Makes:[[ChromeDriver: chrome on WINDOWS (d02002b5818d940384716b1b346d432f)] -> xpath: //select[@id='makes']]
2023-07-28 00:07:771 INFO  NewAndUserCarSearch :61 - Selecting car Model:[[ChromeDriver: chrome on WINDOWS (d02002b5818d940384716b1b346d432f)] -> xpath: //select[@id='models']]
2023-07-28 00:07:873 INFO  NewAndUserCarSearch :65 - Selecting location:[[ChromeDriver: chrome on WINDOWS (d02002b5818d940384716b1b346d432f)] -> xpath: //select[@id='locations']]
2023-07-28 00:07:03 INFO  NewAndUserCarSearch :69 - Selecting price from dropdown:[[ChromeDriver: chrome on WINDOWS (d02002b5818d940384716b1b346d432f)] -> xpath: //select[@id='priceTo']]
2023-07-28 00:07:199 INFO  HomePage :32 - mouse Hovering On BuySell Cars tab : [[ChromeDriver: chrome on WINDOWS (eb093d5c4dfadea2b09a95193d31028e)] -> xpath: //a[contains(text(),'buy + sell')]]
2023-07-28 00:07:724 INFO  HomePage :37 - Clicking on Search Car link : [[ChromeDriver: chrome on WINDOWS (eb093d5c4dfadea2b09a95193d31028e)] -> xpath: //a[contains(text(),'Search Cars')]]
2023-07-28 00:07:793 INFO  NewAndUserCarSearch :48 - verifyNewAndUserCarSearchPage : [[ChromeDriver: chrome on WINDOWS (eb093d5c4dfadea2b09a95193d31028e)] -> xpath: //input[@id='search-submit']]
2023-07-28 00:07:831 INFO  NewAndUserCarSearch :54 - Selecting car Makes:[[ChromeDriver: chrome on WINDOWS (eb093d5c4dfadea2b09a95193d31028e)] -> xpath: //select[@id='makes']]
2023-07-28 00:07:930 INFO  NewAndUserCarSearch :61 - Selecting car Model:[[ChromeDriver: chrome on WINDOWS (eb093d5c4dfadea2b09a95193d31028e)] -> xpath: //select[@id='models']]
2023-07-28 00:07:869 INFO  HomePage :32 - mouse Hovering On BuySell Cars tab : [[ChromeDriver: chrome on WINDOWS (8f633d75e0ebfd226cf242e7f3264ef9)] -> xpath: //a[contains(text(),'buy + sell')]]
2023-07-28 00:07:244 INFO  HomePage :37 - Clicking on Search Car link : [[ChromeDriver: chrome on WINDOWS (8f633d75e0ebfd226cf242e7f3264ef9)] -> xpath: //a[contains(text(),'Search Cars')]]
2023-07-28 00:07:308 INFO  NewAndUserCarSearch :48 - verifyNewAndUserCarSearchPage : [[ChromeDriver: chrome on WINDOWS (8f633d75e0ebfd226cf242e7f3264ef9)] -> xpath: //input[@id='search-submit']]
2023-07-28 00:07:344 INFO  NewAndUserCarSearch :54 - Selecting car Makes:[[ChromeDriver: chrome on WINDOWS (8f633d75e0ebfd226cf242e7f3264ef9)] -> xpath: //select[@id='makes']]
2023-07-28 00:07:437 INFO  NewAndUserCarSearch :61 - Selecting car Model:[[ChromeDriver: chrome on WINDOWS (8f633d75e0ebfd226cf242e7f3264ef9)] -> xpath: //select[@id='models']]
2023-07-28 00:07:588 INFO  NewAndUserCarSearch :65 - Selecting location:[[ChromeDriver: chrome on WINDOWS (8f633d75e0ebfd226cf242e7f3264ef9)] -> xpath: //select[@id='locations']]
2023-07-28 00:07:658 INFO  NewAndUserCarSearch :69 - Selecting price from dropdown:[[ChromeDriver: chrome on WINDOWS (8f633d75e0ebfd226cf242e7f3264ef9)] -> xpath: //select[@id='priceTo']]
2023-07-28 00:07:588 INFO  HomePage :32 - mouse Hovering On BuySell Cars tab : [[ChromeDriver: chrome on WINDOWS (4bc09d07b1783fa9df7aa58d324df7e0)] -> xpath: //a[contains(text(),'buy + sell')]]
2023-07-28 00:07:279 INFO  HomePage :37 - Clicking on Search Car link : [[ChromeDriver: chrome on WINDOWS (4bc09d07b1783fa9df7aa58d324df7e0)] -> xpath: //a[contains(text(),'Search Cars')]]
2023-07-28 00:07:352 INFO  NewAndUserCarSearch :48 - verifyNewAndUserCarSearchPage : [[ChromeDriver: chrome on WINDOWS (4bc09d07b1783fa9df7aa58d324df7e0)] -> xpath: //input[@id='search-submit']]
2023-07-28 00:07:391 INFO  NewAndUserCarSearch :54 - Selecting car Makes:[[ChromeDriver: chrome on WINDOWS (4bc09d07b1783fa9df7aa58d324df7e0)] -> xpath: //select[@id='makes']]
2023-07-28 00:07:483 INFO  NewAndUserCarSearch :61 - Selecting car Model:[[ChromeDriver: chrome on WINDOWS (4bc09d07b1783fa9df7aa58d324df7e0)] -> xpath: //select[@id='models']]
2023-07-28 00:07:569 INFO  NewAndUserCarSearch :65 - Selecting location:[[ChromeDriver: chrome on WINDOWS (4bc09d07b1783fa9df7aa58d324df7e0)] -> xpath: //select[@id='locations']]
2023-07-28 00:07:658 INFO  NewAndUserCarSearch :69 - Selecting price from dropdown:[[ChromeDriver: chrome on WINDOWS (4bc09d07b1783fa9df7aa58d324df7e0)] -> xpath: //select[@id='priceTo']]
2023-07-28 00:07:323 INFO  HomePage :32 - mouse Hovering On BuySell Cars tab : [[ChromeDriver: chrome on WINDOWS (8aaa2bfca14fde3ccc056d85fa7be426)] -> xpath: //a[contains(text(),'buy + sell')]]
2023-07-28 00:07:922 INFO  HomePage :37 - Clicking on Search Car link : [[ChromeDriver: chrome on WINDOWS (8aaa2bfca14fde3ccc056d85fa7be426)] -> xpath: //a[contains(text(),'Search Cars')]]
2023-07-28 00:07:966 INFO  NewAndUserCarSearch :48 - verifyNewAndUserCarSearchPage : [[ChromeDriver: chrome on WINDOWS (8aaa2bfca14fde3ccc056d85fa7be426)] -> xpath: //input[@id='search-submit']]
2023-07-28 00:07:28 INFO  NewAndUserCarSearch :54 - Selecting car Makes:[[ChromeDriver: chrome on WINDOWS (8aaa2bfca14fde3ccc056d85fa7be426)] -> xpath: //select[@id='makes']]
2023-07-28 00:07:136 INFO  NewAndUserCarSearch :61 - Selecting car Model:[[ChromeDriver: chrome on WINDOWS (8aaa2bfca14fde3ccc056d85fa7be426)] -> xpath: //select[@id='models']]
2023-07-28 00:07:291 INFO  NewAndUserCarSearch :65 - Selecting location:[[ChromeDriver: chrome on WINDOWS (8aaa2bfca14fde3ccc056d85fa7be426)] -> xpath: //select[@id='locations']]
2023-07-28 00:07:389 INFO  NewAndUserCarSearch :69 - Selecting price from dropdown:[[ChromeDriver: chrome on WINDOWS (8aaa2bfca14fde3ccc056d85fa7be426)] -> xpath: //select[@id='priceTo']]
2023-07-28 00:07:739 INFO  HomePage :32 - mouse Hovering On BuySell Cars tab : [[ChromeDriver: chrome on WINDOWS (6d48775fc39c5cac4529343d8cd905e6)] -> xpath: //a[contains(text(),'buy + sell')]]
2023-07-28 00:07:778 INFO  HomePage :37 - Clicking on Search Car link : [[ChromeDriver: chrome on WINDOWS (6d48775fc39c5cac4529343d8cd905e6)] -> xpath: //a[contains(text(),'Search Cars')]]
2023-07-28 00:07:841 INFO  NewAndUserCarSearch :48 - verifyNewAndUserCarSearchPage : [[ChromeDriver: chrome on WINDOWS (6d48775fc39c5cac4529343d8cd905e6)] -> xpath: //input[@id='search-submit']]
2023-07-28 00:07:881 INFO  NewAndUserCarSearch :54 - Selecting car Makes:[[ChromeDriver: chrome on WINDOWS (6d48775fc39c5cac4529343d8cd905e6)] -> xpath: //select[@id='makes']]
2023-07-28 00:07:993 INFO  NewAndUserCarSearch :61 - Selecting car Model:[[ChromeDriver: chrome on WINDOWS (6d48775fc39c5cac4529343d8cd905e6)] -> xpath: //select[@id='models']]
2023-07-28 00:07:309 INFO  HomePage :32 - mouse Hovering On BuySell Cars tab : [[ChromeDriver: chrome on WINDOWS (b338786d641cd9c8b5bdebc13a3fa9cd)] -> xpath: //a[contains(text(),'buy + sell')]]
2023-07-28 00:07:975 INFO  HomePage :37 - Clicking on Search Car link : [[ChromeDriver: chrome on WINDOWS (b338786d641cd9c8b5bdebc13a3fa9cd)] -> xpath: //a[contains(text(),'Search Cars')]]
2023-07-28 00:07:17 INFO  NewAndUserCarSearch :48 - verifyNewAndUserCarSearchPage : [[ChromeDriver: chrome on WINDOWS (b338786d641cd9c8b5bdebc13a3fa9cd)] -> xpath: //input[@id='search-submit']]
2023-07-28 00:07:74 INFO  NewAndUserCarSearch :54 - Selecting car Makes:[[ChromeDriver: chrome on WINDOWS (b338786d641cd9c8b5bdebc13a3fa9cd)] -> xpath: //select[@id='makes']]
2023-07-28 00:07:178 INFO  NewAndUserCarSearch :61 - Selecting car Model:[[ChromeDriver: chrome on WINDOWS (b338786d641cd9c8b5bdebc13a3fa9cd)] -> xpath: //select[@id='models']]
2023-07-28 00:07:331 INFO  NewAndUserCarSearch :65 - Selecting location:[[ChromeDriver: chrome on WINDOWS (b338786d641cd9c8b5bdebc13a3fa9cd)] -> xpath: //select[@id='locations']]
2023-07-28 00:07:434 INFO  NewAndUserCarSearch :69 - Selecting price from dropdown:[[ChromeDriver: chrome on WINDOWS (b338786d641cd9c8b5bdebc13a3fa9cd)] -> xpath: //select[@id='priceTo']]
2023-07-28 00:07:642 INFO  HomePage :32 - mouse Hovering On BuySell Cars tab : [[ChromeDriver: chrome on WINDOWS (2af22d0cb8f1b779920265143bc9fef3)] -> xpath: //a[contains(text(),'buy + sell')]]
2023-07-28 00:07:175 INFO  HomePage :37 - Clicking on Search Car link : [[ChromeDriver: chrome on WINDOWS (2af22d0cb8f1b779920265143bc9fef3)] -> xpath: //a[contains(text(),'Search Cars')]]
2023-07-28 00:07:198 INFO  NewAndUserCarSearch :48 - verifyNewAndUserCarSearchPage : [[ChromeDriver: chrome on WINDOWS (2af22d0cb8f1b779920265143bc9fef3)] -> xpath: //input[@id='search-submit']]
2023-07-28 00:07:252 INFO  NewAndUserCarSearch :54 - Selecting car Makes:[[ChromeDriver: chrome on WINDOWS (2af22d0cb8f1b779920265143bc9fef3)] -> xpath: //select[@id='makes']]
2023-07-28 00:07:336 INFO  NewAndUserCarSearch :61 - Selecting car Model:[[ChromeDriver: chrome on WINDOWS (2af22d0cb8f1b779920265143bc9fef3)] -> xpath: //select[@id='models']]
2023-07-28 00:07:541 INFO  NewAndUserCarSearch :65 - Selecting location:[[ChromeDriver: chrome on WINDOWS (2af22d0cb8f1b779920265143bc9fef3)] -> xpath: //select[@id='locations']]
2023-07-28 00:07:650 INFO  NewAndUserCarSearch :69 - Selecting price from dropdown:[[ChromeDriver: chrome on WINDOWS (2af22d0cb8f1b779920265143bc9fef3)] -> xpath: //select[@id='priceTo']]
2023-07-28 00:07:382 INFO  HomePage :32 - mouse Hovering On BuySell Cars tab : [[ChromeDriver: chrome on WINDOWS (8720e88a30a970dcb4f73614a8b4280d)] -> xpath: //a[contains(text(),'buy + sell')]]
2023-07-28 00:07:393 INFO  HomePage :37 - Clicking on Search Car link : [[ChromeDriver: chrome on WINDOWS (8720e88a30a970dcb4f73614a8b4280d)] -> xpath: //a[contains(text(),'Search Cars')]]
2023-07-28 00:07:427 INFO  NewAndUserCarSearch :48 - verifyNewAndUserCarSearchPage : [[ChromeDriver: chrome on WINDOWS (8720e88a30a970dcb4f73614a8b4280d)] -> xpath: //input[@id='search-submit']]
2023-07-28 00:07:487 INFO  NewAndUserCarSearch :54 - Selecting car Makes:[[ChromeDriver: chrome on WINDOWS (8720e88a30a970dcb4f73614a8b4280d)] -> xpath: //select[@id='makes']]
2023-07-28 00:07:590 INFO  NewAndUserCarSearch :61 - Selecting car Model:[[ChromeDriver: chrome on WINDOWS (8720e88a30a970dcb4f73614a8b4280d)] -> xpath: //select[@id='models']]
2023-07-28 00:07:756 INFO  NewAndUserCarSearch :65 - Selecting location:[[ChromeDriver: chrome on WINDOWS (8720e88a30a970dcb4f73614a8b4280d)] -> xpath: //select[@id='locations']]
2023-07-28 00:07:869 INFO  NewAndUserCarSearch :69 - Selecting price from dropdown:[[ChromeDriver: chrome on WINDOWS (8720e88a30a970dcb4f73614a8b4280d)] -> xpath: //select[@id='priceTo']]
2023-07-28 00:07:952 INFO  HomePage :32 - mouse Hovering On BuySell Cars tab : [[ChromeDriver: chrome on WINDOWS (8111fcc25ac34b6ef80c5009da2b77a2)] -> xpath: //a[contains(text(),'buy + sell')]]
2023-07-28 00:07:417 INFO  HomePage :37 - Clicking on Search Car link : [[ChromeDriver: chrome on WINDOWS (8111fcc25ac34b6ef80c5009da2b77a2)] -> xpath: //a[contains(text(),'Search Cars')]]
2023-07-28 00:07:454 INFO  NewAndUserCarSearch :48 - verifyNewAndUserCarSearchPage : [[ChromeDriver: chrome on WINDOWS (8111fcc25ac34b6ef80c5009da2b77a2)] -> xpath: //input[@id='search-submit']]
2023-07-28 00:07:534 INFO  NewAndUserCarSearch :54 - Selecting car Makes:[[ChromeDriver: chrome on WINDOWS (8111fcc25ac34b6ef80c5009da2b77a2)] -> xpath: //select[@id='makes']]
2023-07-28 00:07:689 INFO  NewAndUserCarSearch :61 - Selecting car Model:[[ChromeDriver: chrome on WINDOWS (8111fcc25ac34b6ef80c5009da2b77a2)] -> xpath: //select[@id='models']]
2023-07-28 00:07:851 INFO  NewAndUserCarSearch :65 - Selecting location:[[ChromeDriver: chrome on WINDOWS (8111fcc25ac34b6ef80c5009da2b77a2)] -> xpath: //select[@id='locations']]
2023-07-28 00:07:943 INFO  NewAndUserCarSearch :69 - Selecting price from dropdown:[[ChromeDriver: chrome on WINDOWS (8111fcc25ac34b6ef80c5009da2b77a2)] -> xpath: //select[@id='priceTo']]
2023-07-28 00:07:335 INFO  HomePage :32 - mouse Hovering On BuySell Cars tab : [[ChromeDriver: chrome on WINDOWS (744c975ac819df94b56e3450d71e6e3b)] -> xpath: //a[contains(text(),'buy + sell')]]
2023-07-28 00:07:834 INFO  HomePage :37 - Clicking on Search Car link : [[ChromeDriver: chrome on WINDOWS (744c975ac819df94b56e3450d71e6e3b)] -> xpath: //a[contains(text(),'Search Cars')]]
2023-07-28 00:07:881 INFO  NewAndUserCarSearch :48 - verifyNewAndUserCarSearchPage : [[ChromeDriver: chrome on WINDOWS (744c975ac819df94b56e3450d71e6e3b)] -> xpath: //input[@id='search-submit']]
2023-07-28 00:07:927 INFO  NewAndUserCarSearch :54 - Selecting car Makes:[[ChromeDriver: chrome on WINDOWS (744c975ac819df94b56e3450d71e6e3b)] -> xpath: //select[@id='makes']]
2023-07-28 00:07:40 INFO  NewAndUserCarSearch :61 - Selecting car Model:[[ChromeDriver: chrome on WINDOWS (744c975ac819df94b56e3450d71e6e3b)] -> xpath: //select[@id='models']]
2023-07-28 00:07:199 INFO  NewAndUserCarSearch :65 - Selecting location:[[ChromeDriver: chrome on WINDOWS (744c975ac819df94b56e3450d71e6e3b)] -> xpath: //select[@id='locations']]
2023-07-28 00:07:300 INFO  NewAndUserCarSearch :69 - Selecting price from dropdown:[[ChromeDriver: chrome on WINDOWS (744c975ac819df94b56e3450d71e6e3b)] -> xpath: //select[@id='priceTo']]
2023-07-28 00:07:234 INFO  HomePage :32 - mouse Hovering On BuySell Cars tab : [[ChromeDriver: chrome on WINDOWS (330ba63372ffc242ce4c98be45f05a07)] -> xpath: //a[contains(text(),'buy + sell')]]
2023-07-28 00:07:906 INFO  HomePage :37 - Clicking on Search Car link : [[ChromeDriver: chrome on WINDOWS (330ba63372ffc242ce4c98be45f05a07)] -> xpath: //a[contains(text(),'Search Cars')]]
2023-07-28 00:07:957 INFO  NewAndUserCarSearch :48 - verifyNewAndUserCarSearchPage : [[ChromeDriver: chrome on WINDOWS (330ba63372ffc242ce4c98be45f05a07)] -> xpath: //input[@id='search-submit']]
2023-07-28 00:07:10 INFO  NewAndUserCarSearch :54 - Selecting car Makes:[[ChromeDriver: chrome on WINDOWS (330ba63372ffc242ce4c98be45f05a07)] -> xpath: //select[@id='makes']]
2023-07-28 00:07:118 INFO  NewAndUserCarSearch :61 - Selecting car Model:[[ChromeDriver: chrome on WINDOWS (330ba63372ffc242ce4c98be45f05a07)] -> xpath: //select[@id='models']]
2023-07-28 01:07:968 INFO  HomePage :32 - mouse Hovering On BuySell Cars tab : [[ChromeDriver: chrome on WINDOWS (aafd2673e954ef874f6f38426d44d163)] -> xpath: //a[contains(text(),'buy + sell')]]
2023-07-28 01:07:16 INFO  DealerPage :21 - Clicking On Find A Dealer Tab[[ChromeDriver: chrome on WINDOWS (aafd2673e954ef874f6f38426d44d163)] -> xpath: //a[contains(text(),'Find a Dealer')]]
2023-07-28 01:07:06 INFO  DealerPage :25 - Verify UserShould Navigate To Car Dealer Page:[[ChromeDriver: chrome on WINDOWS (aafd2673e954ef874f6f38426d44d163)] -> xpath: //a[contains(text(),'Find a Dealer')]]
2023-07-28 19:07:800 INFO  HomePage :32 - mouse Hovering On BuySell Cars tab : [[ChromeDriver: chrome on WINDOWS (19c5c4295d8a94a7266786cb29dfff7e)] -> xpath: //a[contains(text(),'buy + sell')]]
2023-07-28 19:07:583 INFO  HomePage :37 - Clicking on Search Car link : [[ChromeDriver: chrome on WINDOWS (19c5c4295d8a94a7266786cb29dfff7e)] -> xpath: //a[contains(text(),'Search Cars')]]
2023-07-28 19:07:618 INFO  NewAndUserCarSearch :48 - verifyNewAndUserCarSearchPage : [[ChromeDriver: chrome on WINDOWS (19c5c4295d8a94a7266786cb29dfff7e)] -> xpath: //input[@id='search-submit']]
2023-07-28 19:07:670 INFO  NewAndUserCarSearch :54 - Selecting car Makes:[[ChromeDriver: chrome on WINDOWS (19c5c4295d8a94a7266786cb29dfff7e)] -> xpath: //select[@id='makes']]
2023-07-28 19:07:798 INFO  NewAndUserCarSearch :61 - Selecting car Model:[[ChromeDriver: chrome on WINDOWS (19c5c4295d8a94a7266786cb29dfff7e)] -> xpath: //select[@id='models']]
2023-07-28 19:07:280 INFO  NewAndUserCarSearch :65 - Selecting location:[[ChromeDriver: chrome on WINDOWS (19c5c4295d8a94a7266786cb29dfff7e)] -> xpath: //select[@id='locations']]
2023-07-28 19:07:364 INFO  NewAndUserCarSearch :69 - Selecting price from dropdown:[[ChromeDriver: chrome on WINDOWS (19c5c4295d8a94a7266786cb29dfff7e)] -> xpath: //select[@id='priceTo']]
2023-07-28 19:07:899 INFO  HomePage :32 - mouse Hovering On BuySell Cars tab : [[ChromeDriver: chrome on WINDOWS (0e97df863962d9bace843a4d366445b1)] -> xpath: //a[contains(text(),'buy + sell')]]
2023-07-28 19:07:462 INFO  HomePage :37 - Clicking on Search Car link : [[ChromeDriver: chrome on WINDOWS (0e97df863962d9bace843a4d366445b1)] -> xpath: //a[contains(text(),'Search Cars')]]
2023-07-28 19:07:501 INFO  NewAndUserCarSearch :48 - verifyNewAndUserCarSearchPage : [[ChromeDriver: chrome on WINDOWS (0e97df863962d9bace843a4d366445b1)] -> xpath: //input[@id='search-submit']]
2023-07-28 19:07:539 INFO  NewAndUserCarSearch :54 - Selecting car Makes:[[ChromeDriver: chrome on WINDOWS (0e97df863962d9bace843a4d366445b1)] -> xpath: //select[@id='makes']]
2023-07-28 19:07:685 INFO  NewAndUserCarSearch :61 - Selecting car Model:[[ChromeDriver: chrome on WINDOWS (0e97df863962d9bace843a4d366445b1)] -> xpath: //select[@id='models']]
2023-07-28 20:07:878 INFO  HomePage :32 - mouse Hovering On BuySell Cars tab : [[ChromeDriver: chrome on WINDOWS (60b4ce198f5128857be618c7e6bb0230)] -> xpath: //a[contains(text(),'buy + sell')]]
2023-07-28 20:07:462 INFO  HomePage :37 - Clicking on Search Car link : [[ChromeDriver: chrome on WINDOWS (60b4ce198f5128857be618c7e6bb0230)] -> xpath: //a[contains(text(),'Search Cars')]]
2023-07-28 20:07:496 INFO  NewAndUserCarSearch :48 - verifyNewAndUserCarSearchPage : [[ChromeDriver: chrome on WINDOWS (60b4ce198f5128857be618c7e6bb0230)] -> xpath: //input[@id='search-submit']]
2023-07-28 20:07:544 INFO  NewAndUserCarSearch :54 - Selecting car Makes:[[ChromeDriver: chrome on WINDOWS (60b4ce198f5128857be618c7e6bb0230)] -> xpath: //select[@id='makes']]
2023-07-28 20:07:647 INFO  NewAndUserCarSearch :61 - Selecting car Model:[[ChromeDriver: chrome on WINDOWS (60b4ce198f5128857be618c7e6bb0230)] -> xpath: //select[@id='models']]
2023-07-28 20:07:875 INFO  NewAndUserCarSearch :65 - Selecting location:[[ChromeDriver: chrome on WINDOWS (60b4ce198f5128857be618c7e6bb0230)] -> xpath: //select[@id='locations']]
2023-07-28 20:07:950 INFO  NewAndUserCarSearch :69 - Selecting price from dropdown:[[ChromeDriver: chrome on WINDOWS (60b4ce198f5128857be618c7e6bb0230)] -> xpath: //select[@id='priceTo']]
2023-07-28 20:07:407 INFO  HomePage :32 - mouse Hovering On BuySell Cars tab : [[ChromeDriver: chrome on WINDOWS (d6d353a8984fbd3153e17f2dd86df5b4)] -> xpath: //a[contains(text(),'buy + sell')]]
2023-07-28 20:07:733 INFO  HomePage :37 - Clicking on Search Car link : [[ChromeDriver: chrome on WINDOWS (d6d353a8984fbd3153e17f2dd86df5b4)] -> xpath: //a[contains(text(),'Search Cars')]]
2023-07-28 20:07:776 INFO  NewAndUserCarSearch :48 - verifyNewAndUserCarSearchPage : [[ChromeDriver: chrome on WINDOWS (d6d353a8984fbd3153e17f2dd86df5b4)] -> xpath: //input[@id='search-submit']]
2023-07-28 20:07:835 INFO  NewAndUserCarSearch :54 - Selecting car Makes:[[ChromeDriver: chrome on WINDOWS (d6d353a8984fbd3153e17f2dd86df5b4)] -> xpath: //select[@id='makes']]
2023-07-28 20:07:923 INFO  NewAndUserCarSearch :61 - Selecting car Model:[[ChromeDriver: chrome on WINDOWS (d6d353a8984fbd3153e17f2dd86df5b4)] -> xpath: //select[@id='models']]
2023-07-28 20:07:153 INFO  NewAndUserCarSearch :65 - Selecting location:[[ChromeDriver: chrome on WINDOWS (d6d353a8984fbd3153e17f2dd86df5b4)] -> xpath: //select[@id='locations']]
2023-07-28 20:07:231 INFO  NewAndUserCarSearch :69 - Selecting price from dropdown:[[ChromeDriver: chrome on WINDOWS (d6d353a8984fbd3153e17f2dd86df5b4)] -> xpath: //select[@id='priceTo']]
2023-07-28 20:07:684 INFO  HomePage :32 - mouse Hovering On BuySell Cars tab : [[ChromeDriver: chrome on WINDOWS (ac9ad5442b9afa2cfd58914b648e6bdf)] -> xpath: //a[contains(text(),'buy + sell')]]
2023-07-28 20:07:794 INFO  HomePage :37 - Clicking on Search Car link : [[ChromeDriver: chrome on WINDOWS (ac9ad5442b9afa2cfd58914b648e6bdf)] -> xpath: //a[contains(text(),'Search Cars')]]
2023-07-28 20:07:828 INFO  NewAndUserCarSearch :48 - verifyNewAndUserCarSearchPage : [[ChromeDriver: chrome on WINDOWS (ac9ad5442b9afa2cfd58914b648e6bdf)] -> xpath: //input[@id='search-submit']]
2023-07-28 20:07:880 INFO  NewAndUserCarSearch :54 - Selecting car Makes:[[ChromeDriver: chrome on WINDOWS (ac9ad5442b9afa2cfd58914b648e6bdf)] -> xpath: //select[@id='makes']]
2023-07-28 20:07:73 INFO  NewAndUserCarSearch :61 - Selecting car Model:[[ChromeDriver: chrome on WINDOWS (ac9ad5442b9afa2cfd58914b648e6bdf)] -> xpath: //select[@id='models']]
2023-07-28 20:07:394 INFO  NewAndUserCarSearch :65 - Selecting location:[[ChromeDriver: chrome on WINDOWS (ac9ad5442b9afa2cfd58914b648e6bdf)] -> xpath: //select[@id='locations']]
2023-07-28 20:07:478 INFO  NewAndUserCarSearch :69 - Selecting price from dropdown:[[ChromeDriver: chrome on WINDOWS (ac9ad5442b9afa2cfd58914b648e6bdf)] -> xpath: //select[@id='priceTo']]
2023-07-28 20:07:133 INFO  HomePage :32 - mouse Hovering On BuySell Cars tab : [[ChromeDriver: chrome on WINDOWS (ba8436d2b1f33705fcd8f2adccd9de25)] -> xpath: //a[contains(text(),'buy + sell')]]
2023-07-28 20:07:520 INFO  HomePage :37 - Clicking on Search Car link : [[ChromeDriver: chrome on WINDOWS (ba8436d2b1f33705fcd8f2adccd9de25)] -> xpath: //a[contains(text(),'Search Cars')]]
2023-07-28 20:07:554 INFO  NewAndUserCarSearch :48 - verifyNewAndUserCarSearchPage : [[ChromeDriver: chrome on WINDOWS (ba8436d2b1f33705fcd8f2adccd9de25)] -> xpath: //input[@id='search-submit']]
2023-07-28 20:07:612 INFO  NewAndUserCarSearch :54 - Selecting car Makes:[[ChromeDriver: chrome on WINDOWS (ba8436d2b1f33705fcd8f2adccd9de25)] -> xpath: //select[@id='makes']]
2023-07-28 20:07:735 INFO  NewAndUserCarSearch :61 - Selecting car Model:[[ChromeDriver: chrome on WINDOWS (ba8436d2b1f33705fcd8f2adccd9de25)] -> xpath: //select[@id='models']]
2023-07-28 20:07:621 INFO  NewAndUserCarSearch :65 - Selecting location:[[ChromeDriver: chrome on WINDOWS (ba8436d2b1f33705fcd8f2adccd9de25)] -> xpath: //select[@id='locations']]
2023-07-28 20:07:697 INFO  NewAndUserCarSearch :69 - Selecting price from dropdown:[[ChromeDriver: chrome on WINDOWS (ba8436d2b1f33705fcd8f2adccd9de25)] -> xpath: //select[@id='priceTo']]
2023-07-28 20:07:840 INFO  HomePage :32 - mouse Hovering On BuySell Cars tab : [[ChromeDriver: chrome on WINDOWS (ec22c7fa7c067fbb16b341327c9fc256)] -> xpath: //a[contains(text(),'buy + sell')]]
2023-07-28 20:07:890 INFO  UsedCarsForSearchPage :24 - ClickOnUsedCarsForSaleTab:[[ChromeDriver: chrome on WINDOWS (ec22c7fa7c067fbb16b341327c9fc256)] -> xpath: //a[normalize-space()='Used']]
2023-07-28 20:07:00 INFO  HomePage :32 - mouse Hovering On BuySell Cars tab : [[ChromeDriver: chrome on WINDOWS (7554a1dff7b7ed7c4501eebe503b060f)] -> xpath: //a[contains(text(),'buy + sell')]]
2023-07-28 20:07:21 INFO  UsedCarsForSearchPage :24 - ClickOnUsedCarsForSaleTab:[[ChromeDriver: chrome on WINDOWS (7554a1dff7b7ed7c4501eebe503b060f)] -> xpath: //a[normalize-space()='Used']]
2023-07-28 20:07:962 INFO  HomePage :32 - mouse Hovering On BuySell Cars tab : [[ChromeDriver: chrome on WINDOWS (a3e2095e7ce701c04ed48b2147c6c422)] -> xpath: //a[contains(text(),'buy + sell')]]
2023-07-28 20:07:980 INFO  UsedCarsForSearchPage :24 - ClickOnUsedCarsForSaleTab:[[ChromeDriver: chrome on WINDOWS (a3e2095e7ce701c04ed48b2147c6c422)] -> xpath: //a[normalize-space()='Used']]
2023-07-28 20:07:442 INFO  HomePage :32 - mouse Hovering On BuySell Cars tab : [[ChromeDriver: chrome on WINDOWS (b9cfeff6d9d04afc632c8f3653aa8fe0)] -> xpath: //a[contains(text(),'buy + sell')]]
2023-07-28 20:07:635 INFO  UsedCarsForSearchPage :24 - ClickOnUsedCarsForSaleTab:[[ChromeDriver: chrome on WINDOWS (b9cfeff6d9d04afc632c8f3653aa8fe0)] -> xpath: //a[normalize-space()='Used']]
2023-07-28 20:07:502 INFO  HomePage :32 - mouse Hovering On BuySell Cars tab : [[ChromeDriver: chrome on WINDOWS (d2cf8522fef784da5b92e458c75b4136)] -> xpath: //a[contains(text(),'buy + sell')]]
2023-07-28 20:07:528 INFO  UsedCarsForSearchPage :24 - ClickOnUsedCarsForSaleTab:[[ChromeDriver: chrome on WINDOWS (d2cf8522fef784da5b92e458c75b4136)] -> xpath: //a[normalize-space()='Used']]
2023-07-28 20:07:746 INFO  HomePage :32 - mouse Hovering On BuySell Cars tab : [[ChromeDriver: chrome on WINDOWS (585a33ff49db20cd55d49d37aa8a2e8a)] -> xpath: //a[contains(text(),'buy + sell')]]
2023-07-28 20:07:764 INFO  UsedCarsForSearchPage :24 - ClickOnUsedCarsForSaleTab:[[ChromeDriver: chrome on WINDOWS (585a33ff49db20cd55d49d37aa8a2e8a)] -> xpath: //a[normalize-space()='Used']]
2023-07-28 20:07:819 INFO  HomePage :32 - mouse Hovering On BuySell Cars tab : [[ChromeDriver: chrome on WINDOWS (67f1cdb4d885055a9c77e9459cfa9712)] -> xpath: //a[contains(text(),'buy + sell')]]
2023-07-28 20:07:847 INFO  DealerPage :27 - Clicking On Find A Dealer Tab[[ChromeDriver: chrome on WINDOWS (67f1cdb4d885055a9c77e9459cfa9712)] -> xpath: //a[text()='Find a Dealer']]
2023-07-28 20:07:783 INFO  DealerPage :31 - Verify UserShould Navigate To Car Dealer Page:[[ChromeDriver: chrome on WINDOWS (67f1cdb4d885055a9c77e9459cfa9712)] -> xpath: //a[text()='Find a Dealer']]
2023-07-28 20:07:765 INFO  HomePage :32 - mouse Hovering On BuySell Cars tab : [[ChromeDriver: chrome on WINDOWS (b3d4ba76f8b5be9db7871f3cc0e7c839)] -> xpath: //a[contains(text(),'buy + sell')]]
2023-07-28 20:07:978 INFO  HomePage :37 - Clicking on Search Car link : [[ChromeDriver: chrome on WINDOWS (b3d4ba76f8b5be9db7871f3cc0e7c839)] -> xpath: //a[contains(text(),'Search Cars')]]
2023-07-28 20:07:112 INFO  NewAndUserCarSearch :48 - verifyNewAndUserCarSearchPage : [[ChromeDriver: chrome on WINDOWS (b3d4ba76f8b5be9db7871f3cc0e7c839)] -> xpath: //input[@id='search-submit']]
2023-07-28 20:07:231 INFO  NewAndUserCarSearch :54 - Selecting car Makes:[[ChromeDriver: chrome on WINDOWS (b3d4ba76f8b5be9db7871f3cc0e7c839)] -> xpath: //select[@id='makes']]
2023-07-28 20:07:450 INFO  NewAndUserCarSearch :61 - Selecting car Model:[[ChromeDriver: chrome on WINDOWS (b3d4ba76f8b5be9db7871f3cc0e7c839)] -> xpath: //select[@id='models']]
2023-07-28 20:07:920 INFO  NewAndUserCarSearch :65 - Selecting location:[[ChromeDriver: chrome on WINDOWS (b3d4ba76f8b5be9db7871f3cc0e7c839)] -> xpath: //select[@id='locations']]
2023-07-28 20:07:39 INFO  NewAndUserCarSearch :69 - Selecting price from dropdown:[[ChromeDriver: chrome on WINDOWS (b3d4ba76f8b5be9db7871f3cc0e7c839)] -> xpath: //select[@id='priceTo']]
2023-07-28 20:07:377 INFO  HomePage :32 - mouse Hovering On BuySell Cars tab : [[ChromeDriver: chrome on WINDOWS (039565a706c6e28133af2571ab126fa6)] -> xpath: //a[contains(text(),'buy + sell')]]
2023-07-28 20:07:559 INFO  HomePage :37 - Clicking on Search Car link : [[ChromeDriver: chrome on WINDOWS (039565a706c6e28133af2571ab126fa6)] -> xpath: //a[contains(text(),'Search Cars')]]
2023-07-28 20:07:731 INFO  NewAndUserCarSearch :48 - verifyNewAndUserCarSearchPage : [[ChromeDriver: chrome on WINDOWS (039565a706c6e28133af2571ab126fa6)] -> xpath: //input[@id='search-submit']]
2023-07-28 20:07:799 INFO  NewAndUserCarSearch :54 - Selecting car Makes:[[ChromeDriver: chrome on WINDOWS (039565a706c6e28133af2571ab126fa6)] -> xpath: //select[@id='makes']]
2023-07-28 20:07:130 INFO  NewAndUserCarSearch :61 - Selecting car Model:[[ChromeDriver: chrome on WINDOWS (039565a706c6e28133af2571ab126fa6)] -> xpath: //select[@id='models']]
2023-07-28 20:07:802 INFO  HomePage :32 - mouse Hovering On BuySell Cars tab : [[ChromeDriver: chrome on WINDOWS (362ae1277d5e7e9c88ce5c5dacb9349e)] -> xpath: //a[contains(text(),'buy + sell')]]
2023-07-28 20:07:943 INFO  HomePage :32 - mouse Hovering On BuySell Cars tab : [[ChromeDriver: chrome on WINDOWS (95756602910436afd989a4ef11cd8079)] -> xpath: //a[contains(text(),'buy + sell')]]
2023-07-28 20:07:28 INFO  HomePage :37 - Clicking on Search Car link : [[ChromeDriver: chrome on WINDOWS (95756602910436afd989a4ef11cd8079)] -> xpath: //a[contains(text(),'Search Cars')]]
2023-07-28 20:07:176 INFO  NewAndUserCarSearch :48 - verifyNewAndUserCarSearchPage : [[ChromeDriver: chrome on WINDOWS (95756602910436afd989a4ef11cd8079)] -> xpath: //input[@id='search-submit']]
2023-07-28 20:07:331 INFO  NewAndUserCarSearch :54 - Selecting car Makes:[[ChromeDriver: chrome on WINDOWS (95756602910436afd989a4ef11cd8079)] -> xpath: //select[@id='makes']]
2023-07-28 20:07:595 INFO  NewAndUserCarSearch :61 - Selecting car Model:[[ChromeDriver: chrome on WINDOWS (95756602910436afd989a4ef11cd8079)] -> xpath: //select[@id='models']]
2023-07-28 20:07:784 INFO  NewAndUserCarSearch :65 - Selecting location:[[ChromeDriver: chrome on WINDOWS (95756602910436afd989a4ef11cd8079)] -> xpath: //select[@id='locations']]
2023-07-28 20:07:982 INFO  NewAndUserCarSearch :69 - Selecting price from dropdown:[[ChromeDriver: chrome on WINDOWS (95756602910436afd989a4ef11cd8079)] -> xpath: //select[@id='priceTo']]
2023-07-28 20:07:319 INFO  HomePage :32 - mouse Hovering On BuySell Cars tab : [[ChromeDriver: chrome on WINDOWS (4d17ec9192f8f8f8cea49fa714dc4f01)] -> xpath: //a[contains(text(),'buy + sell')]]
2023-07-28 20:07:172 INFO  HomePage :37 - Clicking on Search Car link : [[ChromeDriver: chrome on WINDOWS (4d17ec9192f8f8f8cea49fa714dc4f01)] -> xpath: //a[contains(text(),'Search Cars')]]
2023-07-28 20:07:680 INFO  NewAndUserCarSearch :48 - verifyNewAndUserCarSearchPage : [[ChromeDriver: chrome on WINDOWS (4d17ec9192f8f8f8cea49fa714dc4f01)] -> xpath: //input[@id='search-submit']]
2023-07-28 20:07:809 INFO  NewAndUserCarSearch :54 - Selecting car Makes:[[ChromeDriver: chrome on WINDOWS (4d17ec9192f8f8f8cea49fa714dc4f01)] -> xpath: //select[@id='makes']]
2023-07-28 20:07:42 INFO  NewAndUserCarSearch :61 - Selecting car Model:[[ChromeDriver: chrome on WINDOWS (4d17ec9192f8f8f8cea49fa714dc4f01)] -> xpath: //select[@id='models']]
2023-07-28 20:07:206 INFO  NewAndUserCarSearch :65 - Selecting location:[[ChromeDriver: chrome on WINDOWS (4d17ec9192f8f8f8cea49fa714dc4f01)] -> xpath: //select[@id='locations']]
2023-07-28 20:07:374 INFO  NewAndUserCarSearch :69 - Selecting price from dropdown:[[ChromeDriver: chrome on WINDOWS (4d17ec9192f8f8f8cea49fa714dc4f01)] -> xpath: //select[@id='priceTo']]
2023-07-28 20:07:154 INFO  HomePage :32 - mouse Hovering On BuySell Cars tab : [[ChromeDriver: chrome on WINDOWS (561f335a8af92ee09190ea4e785bf8bf)] -> xpath: //a[contains(text(),'buy + sell')]]
2023-07-28 20:07:216 INFO  UsedCarsForSearchPage :24 - ClickOnUsedCarsForSaleTab:[[ChromeDriver: chrome on WINDOWS (561f335a8af92ee09190ea4e785bf8bf)] -> xpath: //a[normalize-space()='Used']]
2023-07-28 20:07:440 INFO  UsedCarsForSearchPage :29 - verifyNavigateToUsedCarsForSalePage : [[ChromeDriver: chrome on WINDOWS (561f335a8af92ee09190ea4e785bf8bf)] -> xpath: //a[normalize-space()='Used']]
2023-07-28 20:07:706 INFO  NewAndUserCarSearch :54 - Selecting car Makes:[[ChromeDriver: chrome on WINDOWS (561f335a8af92ee09190ea4e785bf8bf)] -> xpath: //select[@id='makes']]
2023-07-28 20:07:936 INFO  NewAndUserCarSearch :61 - Selecting car Model:[[ChromeDriver: chrome on WINDOWS (561f335a8af92ee09190ea4e785bf8bf)] -> xpath: //select[@id='models']]
2023-07-28 20:07:71 INFO  NewAndUserCarSearch :65 - Selecting location:[[ChromeDriver: chrome on WINDOWS (561f335a8af92ee09190ea4e785bf8bf)] -> xpath: //select[@id='locations']]
2023-07-28 20:07:216 INFO  NewAndUserCarSearch :69 - Selecting price from dropdown:[[ChromeDriver: chrome on WINDOWS (561f335a8af92ee09190ea4e785bf8bf)] -> xpath: //select[@id='priceTo']]
2023-07-28 20:07:211 INFO  HomePage :32 - mouse Hovering On BuySell Cars tab : [[ChromeDriver: chrome on WINDOWS (89143f41b921b8bfe62d265505a8b1cc)] -> xpath: //a[contains(text(),'buy + sell')]]
2023-07-28 20:07:274 INFO  UsedCarsForSearchPage :24 - ClickOnUsedCarsForSaleTab:[[ChromeDriver: chrome on WINDOWS (89143f41b921b8bfe62d265505a8b1cc)] -> xpath: //a[normalize-space()='Used']]
2023-07-28 20:07:39 INFO  UsedCarsForSearchPage :29 - verifyNavigateToUsedCarsForSalePage : [[ChromeDriver: chrome on WINDOWS (89143f41b921b8bfe62d265505a8b1cc)] -> xpath: //a[normalize-space()='Used']]
2023-07-28 20:07:126 INFO  NewAndUserCarSearch :54 - Selecting car Makes:[[ChromeDriver: chrome on WINDOWS (89143f41b921b8bfe62d265505a8b1cc)] -> xpath: //select[@id='makes']]
2023-07-28 20:07:358 INFO  NewAndUserCarSearch :61 - Selecting car Model:[[ChromeDriver: chrome on WINDOWS (89143f41b921b8bfe62d265505a8b1cc)] -> xpath: //select[@id='models']]
2023-07-28 20:07:600 INFO  HomePage :32 - mouse Hovering On BuySell Cars tab : [[ChromeDriver: chrome on WINDOWS (3bd12c04ca80dff1c2f6c7b464c0016f)] -> xpath: //a[contains(text(),'buy + sell')]]
2023-07-28 20:07:680 INFO  UsedCarsForSearchPage :24 - ClickOnUsedCarsForSaleTab:[[ChromeDriver: chrome on WINDOWS (3bd12c04ca80dff1c2f6c7b464c0016f)] -> xpath: //a[normalize-space()='Used']]
2023-07-28 20:07:743 INFO  UsedCarsForSearchPage :29 - verifyNavigateToUsedCarsForSalePage : [[ChromeDriver: chrome on WINDOWS (3bd12c04ca80dff1c2f6c7b464c0016f)] -> xpath: //a[normalize-space()='Used']]
2023-07-28 20:07:41 INFO  NewAndUserCarSearch :54 - Selecting car Makes:[[ChromeDriver: chrome on WINDOWS (3bd12c04ca80dff1c2f6c7b464c0016f)] -> xpath: //select[@id='makes']]
2023-07-28 20:07:253 INFO  NewAndUserCarSearch :61 - Selecting car Model:[[ChromeDriver: chrome on WINDOWS (3bd12c04ca80dff1c2f6c7b464c0016f)] -> xpath: //select[@id='models']]
2023-07-28 20:07:494 INFO  NewAndUserCarSearch :65 - Selecting location:[[ChromeDriver: chrome on WINDOWS (3bd12c04ca80dff1c2f6c7b464c0016f)] -> xpath: //select[@id='locations']]
2023-07-28 20:07:725 INFO  NewAndUserCarSearch :69 - Selecting price from dropdown:[[ChromeDriver: chrome on WINDOWS (3bd12c04ca80dff1c2f6c7b464c0016f)] -> xpath: //select[@id='priceTo']]
2023-07-28 20:07:190 INFO  HomePage :32 - mouse Hovering On BuySell Cars tab : [[ChromeDriver: chrome on WINDOWS (69a70892d778c32ea1cb92217d3e7461)] -> xpath: //a[contains(text(),'buy + sell')]]
2023-07-28 20:07:262 INFO  UsedCarsForSearchPage :24 - ClickOnUsedCarsForSaleTab:[[ChromeDriver: chrome on WINDOWS (69a70892d778c32ea1cb92217d3e7461)] -> xpath: //a[normalize-space()='Used']]
2023-07-28 20:07:796 INFO  UsedCarsForSearchPage :29 - verifyNavigateToUsedCarsForSalePage : [[ChromeDriver: chrome on WINDOWS (69a70892d778c32ea1cb92217d3e7461)] -> xpath: //a[normalize-space()='Used']]
2023-07-28 20:07:214 INFO  NewAndUserCarSearch :54 - Selecting car Makes:[[ChromeDriver: chrome on WINDOWS (69a70892d778c32ea1cb92217d3e7461)] -> xpath: //select[@id='makes']]
2023-07-28 20:07:578 INFO  NewAndUserCarSearch :61 - Selecting car Model:[[ChromeDriver: chrome on WINDOWS (69a70892d778c32ea1cb92217d3e7461)] -> xpath: //select[@id='models']]
2023-07-28 20:07:833 INFO  NewAndUserCarSearch :65 - Selecting location:[[ChromeDriver: chrome on WINDOWS (69a70892d778c32ea1cb92217d3e7461)] -> xpath: //select[@id='locations']]
2023-07-28 20:07:244 INFO  NewAndUserCarSearch :69 - Selecting price from dropdown:[[ChromeDriver: chrome on WINDOWS (69a70892d778c32ea1cb92217d3e7461)] -> xpath: //select[@id='priceTo']]
2023-07-28 20:07:795 INFO  HomePage :32 - mouse Hovering On BuySell Cars tab : [[ChromeDriver: chrome on WINDOWS (0e10c5f04fb339b0b655984c28f3bce7)] -> xpath: //a[contains(text(),'buy + sell')]]
2023-07-28 20:07:924 INFO  UsedCarsForSearchPage :24 - ClickOnUsedCarsForSaleTab:[[ChromeDriver: chrome on WINDOWS (0e10c5f04fb339b0b655984c28f3bce7)] -> xpath: //a[normalize-space()='Used']]
2023-07-28 20:07:245 INFO  UsedCarsForSearchPage :29 - verifyNavigateToUsedCarsForSalePage : [[ChromeDriver: chrome on WINDOWS (0e10c5f04fb339b0b655984c28f3bce7)] -> xpath: //a[normalize-space()='Used']]
2023-07-28 20:07:309 INFO  NewAndUserCarSearch :54 - Selecting car Makes:[[ChromeDriver: chrome on WINDOWS (0e10c5f04fb339b0b655984c28f3bce7)] -> xpath: //select[@id='makes']]
2023-07-28 20:07:581 INFO  NewAndUserCarSearch :61 - Selecting car Model:[[ChromeDriver: chrome on WINDOWS (0e10c5f04fb339b0b655984c28f3bce7)] -> xpath: //select[@id='models']]
2023-07-28 20:07:819 INFO  NewAndUserCarSearch :65 - Selecting location:[[ChromeDriver: chrome on WINDOWS (0e10c5f04fb339b0b655984c28f3bce7)] -> xpath: //select[@id='locations']]
2023-07-28 20:07:996 INFO  NewAndUserCarSearch :69 - Selecting price from dropdown:[[ChromeDriver: chrome on WINDOWS (0e10c5f04fb339b0b655984c28f3bce7)] -> xpath: //select[@id='priceTo']]
2023-07-28 20:07:391 INFO  HomePage :32 - mouse Hovering On BuySell Cars tab : [[ChromeDriver: chrome on WINDOWS (576a44965157248e79422327c254a63e)] -> xpath: //a[contains(text(),'buy + sell')]]
2023-07-28 20:07:430 INFO  UsedCarsForSearchPage :24 - ClickOnUsedCarsForSaleTab:[[ChromeDriver: chrome on WINDOWS (576a44965157248e79422327c254a63e)] -> xpath: //a[normalize-space()='Used']]
2023-07-28 20:07:147 INFO  UsedCarsForSearchPage :29 - verifyNavigateToUsedCarsForSalePage : [[ChromeDriver: chrome on WINDOWS (576a44965157248e79422327c254a63e)] -> xpath: //a[normalize-space()='Used']]
2023-07-28 20:07:457 INFO  NewAndUserCarSearch :54 - Selecting car Makes:[[ChromeDriver: chrome on WINDOWS (576a44965157248e79422327c254a63e)] -> xpath: //select[@id='makes']]
2023-07-28 20:07:668 INFO  NewAndUserCarSearch :61 - Selecting car Model:[[ChromeDriver: chrome on WINDOWS (576a44965157248e79422327c254a63e)] -> xpath: //select[@id='models']]
2023-07-28 20:07:829 INFO  NewAndUserCarSearch :65 - Selecting location:[[ChromeDriver: chrome on WINDOWS (576a44965157248e79422327c254a63e)] -> xpath: //select[@id='locations']]
2023-07-28 20:07:978 INFO  NewAndUserCarSearch :69 - Selecting price from dropdown:[[ChromeDriver: chrome on WINDOWS (576a44965157248e79422327c254a63e)] -> xpath: //select[@id='priceTo']]
2023-07-28 21:07:507 INFO  HomePage :32 - mouse Hovering On BuySell Cars tab : [[ChromeDriver: chrome on WINDOWS (7feb45686ffffba504c041c2c6547eed)] -> xpath: //a[contains(text(),'buy + sell')]]
2023-07-28 21:07:575 INFO  DealerPage :27 - Clicking On Find A Dealer Tab[[ChromeDriver: chrome on WINDOWS (7feb45686ffffba504c041c2c6547eed)] -> xpath: //a[text()='Find a Dealer']]
2023-07-28 21:07:345 INFO  DealerPage :31 - Verify UserShould Navigate To Car Dealer Page:[[ChromeDriver: chrome on WINDOWS (7feb45686ffffba504c041c2c6547eed)] -> xpath: //a[text()='Find a Dealer']]
2023-07-28 22:07:896 INFO  HomePage :32 - mouse Hovering On BuySell Cars tab : [[ChromeDriver: chrome on WINDOWS (e92fadd67b56187105381b251dad3962)] -> xpath: //a[contains(text(),'buy + sell')]]
2023-07-28 22:07:176 INFO  HomePage :37 - Clicking on Search Car link : [[ChromeDriver: chrome on WINDOWS (e92fadd67b56187105381b251dad3962)] -> xpath: //a[contains(text(),'Search Cars')]]
2023-07-28 22:07:419 INFO  NewAndUserCarSearch :48 - verifyNewAndUserCarSearchPage : Proxy element for: DefaultElementLocator 'By.className: makeFilter'
2023-07-28 22:07:822 INFO  HomePage :32 - mouse Hovering On BuySell Cars tab : [[ChromeDriver: chrome on WINDOWS (57eab61e793ea02c4f02b153ad14f8cf)] -> xpath: //a[contains(text(),'buy + sell')]]
2023-07-28 22:07:62 INFO  HomePage :37 - Clicking on Search Car link : [[ChromeDriver: chrome on WINDOWS (57eab61e793ea02c4f02b153ad14f8cf)] -> xpath: //a[contains(text(),'Search Cars')]]
2023-07-28 22:07:316 INFO  NewAndUserCarSearch :48 - verifyNewAndUserCarSearchPage : Proxy element for: DefaultElementLocator 'By.className: makeFilter'
2023-07-28 22:07:627 INFO  HomePage :32 - mouse Hovering On BuySell Cars tab : [[ChromeDriver: chrome on WINDOWS (5af319804f0e864bfd0c0fc43055bac6)] -> xpath: //a[contains(text(),'buy + sell')]]
2023-07-28 22:07:132 INFO  HomePage :37 - Clicking on Search Car link : [[ChromeDriver: chrome on WINDOWS (5af319804f0e864bfd0c0fc43055bac6)] -> xpath: //a[contains(text(),'Search Cars')]]
2023-07-28 22:07:263 INFO  NewAndUserCarSearch :48 - verifyNewAndUserCarSearchPage : Proxy element for: DefaultElementLocator 'By.className: makeFilter'
2023-07-28 22:07:492 INFO  HomePage :32 - mouse Hovering On BuySell Cars tab : [[ChromeDriver: chrome on WINDOWS (3db1be0514266c2dce1c5a6c464f48d6)] -> xpath: //a[contains(text(),'buy + sell')]]
2023-07-28 22:07:286 INFO  HomePage :37 - Clicking on Search Car link : [[ChromeDriver: chrome on WINDOWS (3db1be0514266c2dce1c5a6c464f48d6)] -> xpath: //a[contains(text(),'Search Cars')]]
2023-07-28 22:07:488 INFO  NewAndUserCarSearch :48 - verifyNewAndUserCarSearchPage : Proxy element for: DefaultElementLocator 'By.className: makeFilter'
2023-07-28 22:07:935 INFO  HomePage :32 - mouse Hovering On BuySell Cars tab : [[ChromeDriver: chrome on WINDOWS (10ca242bf5c35efd1715af8890827b4a)] -> xpath: //a[contains(text(),'buy + sell')]]
2023-07-28 22:07:609 INFO  HomePage :32 - mouse Hovering On BuySell Cars tab : [[ChromeDriver: chrome on WINDOWS (ca4ee23d941293370e689a1279735ef6)] -> xpath: //a[contains(text(),'buy + sell')]]
2023-07-28 22:07:473 INFO  HomePage :37 - Clicking on Search Car link : [[ChromeDriver: chrome on WINDOWS (ca4ee23d941293370e689a1279735ef6)] -> xpath: //a[contains(text(),'Search Cars')]]
2023-07-28 22:07:368 INFO  NewAndUserCarSearch :48 - verifyNewAndUserCarSearchPage : Proxy element for: DefaultElementLocator 'By.className: makeFilter'
2023-07-28 22:07:525 INFO  HomePage :32 - mouse Hovering On BuySell Cars tab : [[ChromeDriver: chrome on WINDOWS (78eafa97a9857aedaa4b5f8742349f14)] -> xpath: //a[contains(text(),'buy + sell')]]
2023-07-28 22:07:111 INFO  HomePage :37 - Clicking on Search Car link : [[ChromeDriver: chrome on WINDOWS (78eafa97a9857aedaa4b5f8742349f14)] -> xpath: //a[contains(text(),'Search Cars')]]
2023-07-28 22:07:246 INFO  NewAndUserCarSearch :48 - verifyNewAndUserCarSearchPage : Proxy element for: DefaultElementLocator 'By.className: makeFilter'
2023-07-28 22:07:597 INFO  HomePage :32 - mouse Hovering On BuySell Cars tab : [[ChromeDriver: chrome on WINDOWS (d51bc0ba993e3aae3341338f086cf0a3)] -> xpath: //a[contains(text(),'buy + sell')]]
2023-07-28 22:07:934 INFO  HomePage :37 - Clicking on Search Car link : [[ChromeDriver: chrome on WINDOWS (d51bc0ba993e3aae3341338f086cf0a3)] -> xpath: //a[contains(text(),'Search Cars')]]
2023-07-28 22:07:800 INFO  HomePage :32 - mouse Hovering On BuySell Cars tab : [[ChromeDriver: chrome on WINDOWS (f2bd620174cd60b5dec8849eea5b5fad)] -> xpath: //a[contains(text(),'buy + sell')]]
2023-07-28 22:07:859 INFO  HomePage :37 - Clicking on Search Car link : [[ChromeDriver: chrome on WINDOWS (f2bd620174cd60b5dec8849eea5b5fad)] -> xpath: //a[contains(text(),'Search Cars')]]
2023-07-28 22:07:452 INFO  HomePage :32 - mouse Hovering On BuySell Cars tab : [[ChromeDriver: chrome on WINDOWS (393968a0f4c0586f8bcce8aef2aac230)] -> xpath: //a[contains(text(),'buy + sell')]]
2023-07-28 22:07:996 INFO  HomePage :37 - Clicking on Search Car link : [[ChromeDriver: chrome on WINDOWS (393968a0f4c0586f8bcce8aef2aac230)] -> xpath: //a[contains(text(),'Search Cars')]]
2023-07-28 22:07:912 INFO  HomePage :32 - mouse Hovering On BuySell Cars tab : [[ChromeDriver: chrome on WINDOWS (e0f6b7fb4e0509b0696cff202cf272f4)] -> xpath: //a[contains(text(),'buy + sell')]]
2023-07-28 22:07:281 INFO  HomePage :37 - Clicking on Search Car link : [[ChromeDriver: chrome on WINDOWS (e0f6b7fb4e0509b0696cff202cf272f4)] -> xpath: //a[contains(text(),'Search Cars')]]
2023-07-28 22:07:748 INFO  HomePage :32 - mouse Hovering On BuySell Cars tab : [[ChromeDriver: chrome on WINDOWS (2109185252de090c62a2478f38705071)] -> xpath: //a[contains(text(),'buy + sell')]]
2023-07-28 22:07:646 INFO  HomePage :37 - Clicking on Search Car link : [[ChromeDriver: chrome on WINDOWS (2109185252de090c62a2478f38705071)] -> xpath: //a[contains(text(),'Search Cars')]]
2023-07-28 22:07:119 INFO  HomePage :32 - mouse Hovering On BuySell Cars tab : [[ChromeDriver: chrome on WINDOWS (31284998adb18383f6dd61a04562ba7f)] -> xpath: //a[contains(text(),'buy + sell')]]
2023-07-28 22:07:48 INFO  HomePage :37 - Clicking on Search Car link : [[ChromeDriver: chrome on WINDOWS (31284998adb18383f6dd61a04562ba7f)] -> xpath: //a[contains(text(),'Search Cars')]]
2023-07-28 22:07:83 INFO  UsedCarsForSearchPage :24 - ClickOnUsedCarsForSaleTab:[[ChromeDriver: chrome on WINDOWS (5016ea1a688cdc11e3049b93fe45275b)] -> xpath: //a[normalize-space()='Used']]
2023-07-28 22:07:849 INFO  UsedCarsForSearchPage :24 - ClickOnUsedCarsForSaleTab:[[ChromeDriver: chrome on WINDOWS (1d71b91ef7695c8788056eacba680bae)] -> xpath: //a[normalize-space()='Used']]
2023-07-28 22:07:78 INFO  UsedCarsForSearchPage :24 - ClickOnUsedCarsForSaleTab:[[ChromeDriver: chrome on WINDOWS (506578b80aa97da4ba753b95e35bddf3)] -> xpath: //a[normalize-space()='Used']]
2023-07-28 22:07:477 INFO  UsedCarsForSearchPage :24 - ClickOnUsedCarsForSaleTab:[[ChromeDriver: chrome on WINDOWS (371aa74511e97500b35e1d53ccf80758)] -> xpath: //a[normalize-space()='Used']]
2023-07-28 22:07:384 INFO  UsedCarsForSearchPage :24 - ClickOnUsedCarsForSaleTab:[[ChromeDriver: chrome on WINDOWS (8560b7f9b8ab1e5b9b52884e8b6bc5a3)] -> xpath: //a[normalize-space()='Used']]
2023-07-28 22:07:843 INFO  UsedCarsForSearchPage :24 - ClickOnUsedCarsForSaleTab:[[ChromeDriver: chrome on WINDOWS (dbf8fcab1f37e87cb4ec82949fe4589f)] -> xpath: //a[normalize-space()='Used']]
2023-07-28 22:07:605 INFO  HomePage :32 - mouse Hovering On BuySell Cars tab : [[ChromeDriver: chrome on WINDOWS (7bed1e31b0505562cdffd7cf43e15df3)] -> xpath: //a[contains(text(),'buy + sell')]]
2023-07-28 22:07:282 INFO  DealerPage :27 - Clicking On Find A Dealer Tab[[ChromeDriver: chrome on WINDOWS (7bed1e31b0505562cdffd7cf43e15df3)] -> xpath: //a[text()='Find a Dealer']]
2023-07-28 22:07:279 INFO  DealerPage :31 - Verify UserShould Navigate To Car Dealer Page:[[ChromeDriver: chrome on WINDOWS (7bed1e31b0505562cdffd7cf43e15df3)] -> xpath: //a[text()='Find a Dealer']]
